<?xml version="1.0" encoding="UTF-8"?>
<!-- Generated by org.testng.reporters.JUnitReportReporter -->
<testsuite hostname="Lenovo" failures="0" tests="1" name="com.demoblaze.tests.LoginTests" time="40.180" errors="0" timestamp="2025-08-15T20:39:20 IST" skipped="0">
  <testcase classname="com.demoblaze.tests.LoginTests" name="testLoginWithValidCredentials" time="40.180"/>
</testsuite> <!-- com.demoblaze.tests.LoginTests -->
