<?xml version="1.0" encoding="UTF-8"?>
<!-- Generated by org.testng.reporters.JUnitReportReporter -->
<testsuite hostname="Lenovo" failures="0" tests="1" name="com.demoblaze.tests.SignUpTests" time="47.253" errors="0" timestamp="2025-08-15T20:39:20 IST" skipped="0">
  <testcase classname="com.demoblaze.tests.SignUpTests" name="testSignUpWithNewUser" time="47.253"/>
</testsuite> <!-- com.demoblaze.tests.SignUpTests -->
